<?xml version="1.0" encoding="UTF-8"?>
<Site BuildName="(empty)"
	BuildStamp="20230615-1715-Experimental"
	Name="(empty)"
	Generator="ctest-3.24.202208181-MSVC_2"
	CompilerName=""
	CompilerVersion=""
	OSName="Windows"
	Hostname="WOFDEVG"
	OSRelease=" Professional"
	OSVersion=" (Build 22621)"
	OSPlatform="AMD64"
	Is64Bits="1"
	VendorString="GenuineIntel"
	VendorID="Intel Corporation"
	FamilyID="6"
	ModelID="13"
	ProcessorCacheSize="-1"
	NumberOfLogicalCPU="16"
	NumberOfPhysicalCPU="8"
	TotalVirtualMemory="76085"
	TotalPhysicalMemory="16085"
	LogicalProcessorsPerPhysical="2"
	ProcessorClockFrequency="2304"
	>
	<Testing>
		<StartDateTime>Jun 15 23:15 Bangladesh Standard Time</StartDateTime>
		<StartTestTime>1686849329</StartTestTime>
		<TestList/>
		<EndDateTime>Jun 15 23:15 Bangladesh Standard Time</EndDateTime>
		<EndTestTime>1686849329</EndTestTime>
		<ElapsedMinutes>0</ElapsedMinutes>
	</Testing>
</Site>
